<?xml version="1.0" encoding="UTF-8"?>
<!-- Generated by org.testng.reporters.JUnitReportReporter -->
<testsuite hostname="DESKTOP-ERV7GQ7" failures="0" tests="1" name="TestNGCucumberoption.TestNGRunner" time="0.141" errors="0" timestamp="2022-06-24T10:53:33 IST" skipped="0">
  <testcase classname="TestNGCucumberoption.TestNGRunner" name="runScenario" time="0.141"/>
  <system-out/>
</testsuite> <!-- TestNGCucumberoption.TestNGRunner -->
